> Task :app:checkKotlinGradlePluginConfigurationErrors SKIPPED
> Task :app:preBuild UP-TO-DATE
> Task :app:preDebugBuild UP-TO-DATE
> Task :app:generateDebugBuildConfig UP-TO-DATE
> Task :app:checkDebugAarMetadata UP-TO-DATE
> Task :app:generateDebugResValues UP-TO-DATE
> Task :app:mapDebugSourceSetPaths UP-TO-DATE
> Task :app:generateDebugResources UP-TO-DATE
> Task :app:mergeDebugResources UP-TO-DATE
> Task :app:packageDebugResources UP-TO-DATE
> Task :app:parseDebugLocalResources UP-TO-DATE
> Task :app:createDebugCompatibleScreenManifests UP-TO-DATE
> Task :app:extractDeepLinksDebug UP-TO-DATE
> Task :app:processDebugMainManifest UP-TO-DATE
> Task :app:processDebugManifest UP-TO-DATE
> Task :app:processDebugManifestForPackage UP-TO-DATE
> Task :app:processDebugResources UP-TO-DATE

> Task :app:compileDebugKotlin FAILED
.\gradlew : e: file:///D:/Gy
m/gym-Android/app/src/main/j
ava/com/lc9th5/gym/viewmodel
/WorkoutViewModel.kt:245:71 
No parameter with name 
'setNumber' found.
At line:1 char:1
+ .\gradlew 
compileDebugKotlin 2>&1 | 
Out-File -FilePath 
build_log_2.tx ...
+ ~~~~~~~~~~~~~~~~~~~~~~~~~~
~~~~~~~
    + CategoryInfo          
    : NotSpecified: (e: fi  
  le:///D:/G...tNumber' f   
 ound.:String) [], Remot    
eException
    + FullyQualifiedErrorId 
    : NativeCommandError
 
e: file:///D:/Gym/gym-Androi
d/app/src/main/java/com/lc9t
h5/gym/viewmodel/WorkoutView
Model.kt:584:46 Unresolved 
reference 'SetRowData'.
e: file:///D:/Gym/gym-Androi
d/app/src/main/java/com/lc9t
h5/gym/viewmodel/WorkoutView
Model.kt:634:47 Unresolved 
reference 'reps'.
e: file:///D:/Gym/gym-Androi
d/app/src/main/java/com/lc9t
h5/gym/viewmodel/WorkoutView
Model.kt:635:48 Unresolved 
reference 'weight'.

FAILURE: Build failed with 
an exception.

* What went wrong:
Execution failed for task 
':app:compileDebugKotlin'.
> A failure occurred while 
executing org.jetbrains.kotl
in.compilerRunner.GradleComp
ilerRunnerWithWorkers$Gradle
KotlinCompilerWorkAction
   > Compilation error. See 
log for more details

* Try:
> Run with --stacktrace 
option to get the stack 
trace.
> Run with --info or 
--debug option to get more 
log output.
> Run with --scan to get 
full insights.
> Get more help at 
https://help.gradle.org.

BUILD FAILED in 20s
15 actionable tasks: 1 executed, 14 up-to-date
